Remove Pin=IC8-3 From Net=CHIP-EN
Remove Pin=IC8-4 From Net=DI_A2
Remove Pin=IC8-5 From Net=DI_B2
Remove Pin=IC8-6 From Net=DI_C2
Remove Pin=IC8-7 From Net=DI_D2
Remove Pin=IC8-8 From Net=DI_A1
Remove Pin=IC8-9 From Net=DI_B1
Remove Pin=IC8-10 From Net=TX_1
Remove Pin=IC8-11 From Net=RX_1
Remove Pin=IC8-12 From Net=DI_C1
Remove Pin=IC8-13 From Net=USB_D-
Remove Pin=IC8-14 From Net=USB_D+
Remove Pin=IC8-15 From Net=DI_D1
Remove Pin=IC8-16 From Net=SDA
Remove Pin=IC8-17 From Net=SCL
Remove Pin=IC8-18 From Net=STCP
Remove Pin=IC8-19 From Net=SHCP
Remove Pin=IC8-20 From Net=DS
Remove Pin=IC8-21 From Net=BUZZ
Remove Pin=IC8-22 From Net=LED4
Remove Pin=IC8-23 From Net=PULS3
Remove Pin=IC8-24 From Net=PULS2
Remove Pin=IC8-25 From Net=LED3
Remove Pin=IC8-26 From Net=LED2
Remove Pin=IC8-27 From Net=GPIO0
Remove Pin=IC8-28 From Net=LED1
Remove Pin=IC8-35 From Net=RST_1
Remove Pin=IC8-36 From Net=RX_0
Remove Pin=IC8-37 From Net=TX_0
Remove Pin=IC8-38 From Net=RST_0
Remove Pin=j1-1 From Net=A_0
Remove Pin=j1-2 From Net=B_0
Remove Pin=j1-3 From Net=A_1
Remove Pin=j1-4 From Net=B_1
Remove Pin=j1-5 From Net=A_2
Remove Pin=j1-6 From Net=B_2
Remove Pin=J4-2 From Net=DIB_8
Remove Pin=J4-3 From Net=DIB_7
Remove Pin=J4-4 From Net=DIB_6
Remove Pin=J4-5 From Net=DIB_5
Remove Pin=J4-7 From Net=DIB_4
Remove Pin=J4-8 From Net=DIB_3
Remove Pin=J4-9 From Net=DIB_2
Remove Pin=J4-10 From Net=DIB_1
Remove Pin=P4-1 From Net=GPIO0
Remove Pin=P4-2 From Net=CHIP-EN
Remove Pin=P4-4 From Net=USB_D+
Remove Pin=P4-5 From Net=USB_D-
Remove Pin=R44-1 From Net=LED1
Remove Pin=R45-1 From Net=LED2
Remove Pin=R46-1 From Net=LED3
Remove Pin=R47-1 From Net=LED4
