Added Component: Designator=J?(1715734)
Add component (AddParameter): Name = "Arrow Part Number"; Value = "1715734"; VariantName = "[No Variations]"
Add component (AddParameter): Name = "Arrow Price/Stock"; Value = "https://www.arrow.com/en/products/1715734/phoenix-contact?region=nac"; VariantName = "[No Variations]"
Add component (AddParameter): Name = "Datasheet Link"; Value = "http://www.phoenixcontact.com/de/produkte/1715734/pdf"; VariantName = "[No Variations]"
Add component (AddParameter): Name = "Height"; Value = "13.95mm"; VariantName = "[No Variations]"
Add component (AddParameter): Name = "Manufacturer_Name"; Value = "Phoenix Contact"; VariantName = "[No Variations]"
Add component (AddParameter): Name = "Manufacturer_Part_Number"; Value = "1715734"; VariantName = "[No Variations]"
Add component (AddParameter): Name = "Mouser Part Number"; Value = "651-1715734"; VariantName = "[No Variations]"
Add component (AddParameter): Name = "Mouser Price/Stock"; Value = "https://www.mouser.co.uk/ProductDetail/Phoenix-Contact/1715734?qs=wjes1ZhMGKfGv3iS94oZ%252BQ%3D%3D"; VariantName = "[No Variations]"
Added Pin To Net: NetName=NetJ?_1 Pin=J?-1
Added Pin To Net: NetName=NetJ?_1 Pin=K?-4
Added Net: Name=NetJ?_1
Added Pin To Net: NetName=NetJ?_2 Pin=J?-2
Added Pin To Net: NetName=NetJ?_2 Pin=K?-1
Added Net: Name=NetJ?_2
Added Pin To Net: NetName=NetJ?_3 Pin=J?-3
Added Pin To Net: NetName=NetJ?_3 Pin=K?-3
Added Net: Name=NetJ?_3
Added Member To Class: ClassName=MM-08 FPS-400 Member=Component J? 1715734
Added Member To Class: ClassName=U_Conectores Member=Component J? 1729209
Added Member To Class: ClassName=MM-08 FPS-400 Member=Component P? Header 16
Added Member To Class: ClassName=U_EntradasAnalogicas1 Member=Component R?_U_EntradasAnalogicas1 (R?) 2k7
Added Member To Class: ClassName=U_EntradasAnalogicas2 Member=Component R?_U_EntradasAnalogicas2 (R?) 2k7
Added Member To Class: ClassName=U_EntradasAnalogicas3 Member=Component R?_U_EntradasAnalogicas3 (R?) 2k7
Added Member To Class: ClassName=U_EntradasAnalogicas4 Member=Component R?_U_EntradasAnalogicas4 (R?) 2k7
Added Member To Class: ClassName=U_EntradasAnalogicas5 Member=Component R?_U_EntradasAnalogicas5 (R?) 2k7
Added Member To Class: ClassName=U_EntradasAnalogicas6 Member=Component R?_U_EntradasAnalogicas6 (R?) 2k7
Added Member To Class: ClassName=U_EntradasAnalogicas7 Member=Component R?_U_EntradasAnalogicas7 (R?) 2k7
Added Member To Class: ClassName=U_EntradasAnalogicas8 Member=Component R?_U_EntradasAnalogicas8 (R?) 2k7
Added Member To Class: ClassName=U_RELAY Member=Component R? 1K
