Change Component Footprint: Designator=S? Old Footprint=DIP_SW_8WAY_SMD New Footprint=DIP762W50P254L2240H460Q16N
Change Component Comment : Designator=S? Old Comment=SW DIP-8 New Comment=A6D-8100
Change component parameters: Designator = "S?" ("S?"); Footprint = "DIP_SW_8WAY_SMD"; UniqueID = "\WBGHXEEB" ("\WBGHXEEB")
Change component parameters (AddParameter): Name = "Arrow Part Number"; Value = "A6D-8100"; VariantName = "[No Variations]"
Change component parameters (AddParameter): Name = "Arrow Price/Stock"; Value = "https://www.arrow.com/en/products/a6d8100/omron"; VariantName = "[No Variations]"
Change component parameters (AddParameter): Name = "Datasheet Link"; Value = "https://omronfs.omron.com/en_US/ecb/products/pdf/en-a6d_a6dr.pdf"; VariantName = "[No Variations]"
Change component parameters (AddParameter): Name = "Height"; Value = "4.6mm"; VariantName = "[No Variations]"
Change component parameters (AddParameter): Name = "Manufacturer_Name"; Value = "Omron Electronics"; VariantName = "[No Variations]"
Change component parameters (AddParameter): Name = "Manufacturer_Part_Number"; Value = "A6D-8100"; VariantName = "[No Variations]"
Change component parameters (AddParameter): Name = "Mouser Part Number"; Value = "653-A6D-8100"; VariantName = "[No Variations]"
Change component parameters (AddParameter): Name = "Mouser Price/Stock"; Value = "https://www.mouser.co.uk/ProductDetail/Omron-Electronics/A6D-8100?qs=kyocjfxn8Ip0P%252BNDPgdanQ%3D%3D"; VariantName = "[No Variations]"
Change component parameters (AddParameter): Name = "Mouser Testing Part Number"; Value = ""; VariantName = "[No Variations]"
Change component parameters (AddParameter): Name = "Mouser Testing Price/Stock"; Value = ""; VariantName = "[No Variations]"
Added Member To Class: ClassName=MM-08 FPS-400 Member=Component R? 1K
Added Member To Class: ClassName=MM-08 FPS-400 Member=Component R? 1K
Added Member To Class: ClassName=MM-08 FPS-400 Member=Component R? 1K
Added Member To Class: ClassName=MM-08 FPS-400 Member=Component R? 1K
Added Member To Class: ClassName=MM-08 FPS-400 Member=Component R? 1K
Added Member To Class: ClassName=MM-08 FPS-400 Member=Component R? 1K
Added Member To Class: ClassName=MM-08 FPS-400 Member=Component R? 1K
